2025-12-16 03:54:52,831 - HyperBot - INFO - 📝 Trading Logger initialized for HyperBot
2025-12-16 03:54:52,831 - HyperBot - INFO -    Log directory: hl_client
2025-12-16 03:54:52,833 - HyperBot - INFO - 📝 Trading Logger initialized for HyperBot
2025-12-16 03:54:52,833 - HyperBot - INFO -    Log directory: hl_order_manager
2025-12-16 03:54:52,834 - HyperBot - INFO - 📝 Trading Logger initialized for HyperBot
2025-12-16 03:54:52,835 - HyperBot - INFO -    Log directory: hl_websocket
2025-12-16 03:54:57,300 - HyperBot - INFO - HyperLiquidClient initialized for 0xeF0CA0E4...
2025-12-16 03:54:58,158 - HyperBot - INFO - Subscribed to allMids
2025-12-16 03:54:58,158 - HyperBot - INFO - Subscribed to userFills
2025-12-16 03:54:58,159 - HyperBot - INFO - Subscribed to orderUpdates
2025-12-16 03:54:58,159 - HyperBot - INFO - Subscribed to candle:SOL:1m
2025-12-16 03:54:58,159 - HyperBot - INFO - Subscribed to candle:ETH:1m
2025-12-16 03:54:58,160 - HyperBot - INFO - Subscribed to candle:BTC:1m
2025-12-16 03:54:58,160 - HyperBot - INFO - WebSocket started
2025-12-16 03:54:58,722 - HyperBot - INFO - set_leverage SOL 5x cross: {'status': 'ok', 'response': {'type': 'default'}}
2025-12-16 03:54:59,113 - HyperBot - INFO - set_leverage ETH 5x cross: {'status': 'ok', 'response': {'type': 'default'}}
2025-12-16 03:54:59,516 - HyperBot - INFO - set_leverage BTC 5x cross: {'status': 'ok', 'response': {'type': 'default'}}
2025-12-16 03:56:54,497 - HyperBot - INFO - 🎯 place_market_order_with_stops: SOL buy size=7.602411719962007
2025-12-16 03:56:54,497 - HyperBot - INFO -    TP=$127.35072 SL=$125.96098 Entry=$126.34
2025-12-16 03:56:55,726 - HyperBot - INFO - _market_order_with_price SOL BUY 7.6 @ $126.97: {'status': 'ok', 'response': {'type': 'order', 'data': {'statuses': [{'filled': {'totalSz': '7.6', 'avgPx': '126.26', 'oid': 45076712927, 'cloid': '0x94875b057ccb4639af76a00ce88ce3ab'}}]}}}
2025-12-16 03:56:55,726 - HyperBot - INFO - ✅ Entry filled: 7.6 SOL
2025-12-16 03:56:55,727 - HyperBot - INFO - 📍 Setting TP/SL: TP=$127.35072, SL=$125.96098
2025-12-16 03:56:55,727 - HyperBot - INFO - 📍 set_tp_sl_sdk: SOL size=7.6 is_long=True TP=$127.35072 SL=$125.96098
2025-12-16 03:56:55,873 - HyperBot - INFO -    Cancelled all existing orders for SOL
2025-12-16 03:56:55,873 - HyperBot - INFO -    Placing TP order: SOL SELL 7.6 @ trigger $127.35 (limit $126.71)
2025-12-16 03:56:56,939 - HyperBot - INFO - ✅ TP set @ $127.35: {'status': 'ok', 'response': {'type': 'order', 'data': {'statuses': [{'resting': {'oid': 45076713522, 'cloid': '0x0ef33bab2e8049ad9b67e5b16d60929f'}}]}}}
2025-12-16 03:56:56,939 - HyperBot - INFO -    Placing SL order: SOL SELL 7.6 @ trigger $125.96 (limit $124.7)
2025-12-16 03:56:57,941 - HyperBot - INFO - ✅ SL set @ $125.96: {'status': 'ok', 'response': {'type': 'order', 'data': {'statuses': [{'resting': {'oid': 45076713944, 'cloid': '0x2e6aebc350bf4d2693082ad5c081ca1b'}}]}}}
2025-12-16 03:56:57,941 - HyperBot - INFO - ✅ TP/SL orders verified successfully
2025-12-16 03:56:57,942 - HyperBot - INFO - 📋 Order result status: ok
2025-12-16 03:56:57,942 - HyperBot - INFO - ✅ TP placed successfully
2025-12-16 03:56:57,943 - HyperBot - INFO - ✅ SL placed successfully
2025-12-16 04:09:06,476 - HyperBot - INFO - WebSocket stopped
2025-12-16 04:09:21,861 - HyperBot - INFO - 📝 Trading Logger initialized for HyperBot
2025-12-16 04:09:21,861 - HyperBot - INFO -    Log directory: hl_client
2025-12-16 04:09:21,865 - HyperBot - INFO - 📝 Trading Logger initialized for HyperBot
2025-12-16 04:09:21,865 - HyperBot - INFO -    Log directory: hl_order_manager
2025-12-16 04:09:21,866 - HyperBot - INFO - 📝 Trading Logger initialized for HyperBot
2025-12-16 04:09:21,866 - HyperBot - INFO -    Log directory: hl_websocket
2025-12-16 04:09:23,833 - HyperBot - INFO - HyperLiquidClient initialized for 0xeF0CA0E4...
2025-12-16 04:09:24,808 - HyperBot - INFO - Subscribed to allMids
2025-12-16 04:09:24,808 - HyperBot - INFO - Subscribed to userFills
2025-12-16 04:09:24,809 - HyperBot - INFO - Subscribed to orderUpdates
2025-12-16 04:09:24,809 - HyperBot - INFO - Subscribed to candle:SOL:1m
2025-12-16 04:09:24,810 - HyperBot - INFO - Subscribed to candle:ETH:1m
2025-12-16 04:09:24,810 - HyperBot - INFO - Subscribed to candle:BTC:1m
2025-12-16 04:09:24,810 - HyperBot - INFO - WebSocket started
2025-12-16 04:09:25,371 - HyperBot - INFO - set_leverage SOL 5x cross: {'status': 'ok', 'response': {'type': 'default'}}
2025-12-16 04:09:25,967 - HyperBot - INFO - set_leverage ETH 5x cross: {'status': 'ok', 'response': {'type': 'default'}}
2025-12-16 04:09:26,491 - HyperBot - INFO - set_leverage BTC 5x cross: {'status': 'ok', 'response': {'type': 'default'}}
2025-12-16 04:13:39,369 - HyperBot - INFO - WebSocket stopped
2025-12-17 15:11:04,810 - HyperBot - INFO - 📝 Trading Logger initialized for HyperBot
2025-12-17 15:11:04,811 - HyperBot - INFO -    Log directory: hl_client
2025-12-17 15:11:04,813 - HyperBot - INFO - 📝 Trading Logger initialized for HyperBot
2025-12-17 15:11:04,814 - HyperBot - INFO -    Log directory: hl_order_manager
2025-12-17 15:11:04,815 - HyperBot - INFO - 📝 Trading Logger initialized for HyperBot
2025-12-17 15:11:04,817 - HyperBot - INFO -    Log directory: hl_websocket
2025-12-17 15:11:09,554 - HyperBot - INFO - HyperLiquidClient initialized for 0xeF0CA0E4...
2025-12-17 15:11:10,009 - HyperBot - INFO - Subscribed to allMids
2025-12-17 15:11:10,009 - HyperBot - INFO - Subscribed to userFills
2025-12-17 15:11:10,010 - HyperBot - INFO - Subscribed to orderUpdates
2025-12-17 15:11:10,010 - HyperBot - INFO - Subscribed to candle:SOL:1m
2025-12-17 15:11:10,010 - HyperBot - INFO - Subscribed to candle:ETH:1m
2025-12-17 15:11:10,011 - HyperBot - INFO - Subscribed to candle:BTC:1m
2025-12-17 15:11:10,011 - HyperBot - INFO - WebSocket started
2025-12-17 15:11:10,499 - HyperBot - INFO - set_leverage SOL 5x cross: {'status': 'ok', 'response': {'type': 'default'}}
2025-12-17 15:11:11,091 - HyperBot - INFO - set_leverage ETH 5x cross: {'status': 'ok', 'response': {'type': 'default'}}
2025-12-17 15:11:11,506 - HyperBot - INFO - set_leverage BTC 5x cross: {'status': 'ok', 'response': {'type': 'default'}}
2025-12-17 15:13:20,130 - HyperBot - INFO - WebSocket stopped
2025-12-17 15:14:21,327 - HyperBot - INFO - 📝 Trading Logger initialized for HyperBot
2025-12-17 15:14:21,327 - HyperBot - INFO -    Log directory: hl_client
2025-12-17 15:14:21,328 - HyperBot - INFO - 📝 Trading Logger initialized for HyperBot
2025-12-17 15:14:21,328 - HyperBot - INFO -    Log directory: hl_order_manager
2025-12-17 15:14:21,329 - HyperBot - INFO - 📝 Trading Logger initialized for HyperBot
2025-12-17 15:14:21,329 - HyperBot - INFO -    Log directory: hl_websocket
2025-12-17 15:14:23,198 - HyperBot - INFO - HyperLiquidClient initialized for 0xeF0CA0E4...
2025-12-17 15:14:23,590 - HyperBot - INFO - Subscribed to allMids
2025-12-17 15:14:23,590 - HyperBot - INFO - Subscribed to userFills
2025-12-17 15:14:23,591 - HyperBot - INFO - Subscribed to orderUpdates
2025-12-17 15:14:23,591 - HyperBot - INFO - Subscribed to candle:SOL:1m
2025-12-17 15:14:23,591 - HyperBot - INFO - Subscribed to candle:ETH:1m
2025-12-17 15:14:23,592 - HyperBot - INFO - Subscribed to candle:BTC:1m
2025-12-17 15:14:23,592 - HyperBot - INFO - WebSocket started
2025-12-17 15:14:24,168 - HyperBot - INFO - set_leverage SOL 5x cross: {'status': 'ok', 'response': {'type': 'default'}}
2025-12-17 15:14:24,654 - HyperBot - INFO - set_leverage ETH 5x cross: {'status': 'ok', 'response': {'type': 'default'}}
2025-12-17 15:14:25,152 - HyperBot - INFO - set_leverage BTC 5x cross: {'status': 'ok', 'response': {'type': 'default'}}
